Devon
Lindsay
Bancroft
Columbia
Ainey
Chelsea
Buck
Barnett
Barclay
Averill
Brock
Tantian
Courtney
Liberty
Buckley
Guning
Maliang
Kyla
Bronson
Broderick
Chenya
Luowen
Qiujingya
Lark
Kirsten
Pangcheng
Dawn
Heling
Zhaojiang
Twood
Lingshuai
Corliss
Lari
Clovis
Liyue
Yangyang
Atherol
Yangyu
Xiebing
Leslie
Luopeng
Mating
Bromley
Yuanhui
Songting
Claiborne
Ballard
Daralis
Wangxing
Burgess
Barden
Wangxin
Qianmu
Yangchu
Pengwei
Kangyi
Liufang
Kismet
Leigh
Shejing
Ansley
Bud
Hanmei
Brown
Guofan
Sunxian
Atwater
Liyue
Brishen
Demelza